The target system is: PSP2 - 0x03600000 - armv7-a
The host system is: Windows - 10.0.19042 - AMD64
Detecting C compiler ABI info compiled with the following output:
Change Dir: C:/Users/Ibrahim/Documents/Projects/Cell/build/CMakeFiles/CMakeTmp

Run Build Command(s):C:/Ninja/ninja.exe cmTC_401cc && [1/2] Building C object CMakeFiles\cmTC_401cc.dir\CMakeCCompilerABI.c.o
PROCESS_IT('C:\Program Files\CMake\share\cmake-3.21\Modules\CMakeCCompilerABI.c', 'CF', 1)
DOING: C:/PSVITA/sdk/host_tools/build/bin/psp2cf64 -XYc=mixed+gnu_ext+c99 -Xhostarch=64 -DSN_TARGET_PSP2 --display_error_number --alternative_tokens -JC:\PSVITA\sdk/host_tools/build/include -JC:\PSVITA\sdk/target/include -JC:\PSVITA\sdk/target/include_common -D__SNC64__ -s CMakeFiles\cmTC_401cc.dir\CMakeCCompilerABI.c.o -d C:\Users\Ibrahim\AppData\Local\Temp/SNC12776_0.D -f "C:\Program Files\CMake\share\cmake-3.21\Modules\CMakeCCompilerABI.c" "C:\Program Files\CMake\share\cmake-3.21\Modules\CMakeCCompilerABI.c"
Deleting C:\Users\Ibrahim\AppData\Local\Temp/SNC12776_0.D
[2/2] Linking C executable cmTC_401cc
DOING: C:/PSVITA/sdk/host_tools/build/bin/psp2ld -o cmTC_401cc CMakeFiles\cmTC_401cc.dir\CMakeCCompilerABI.c.o



Parsed C implicit include dir info from above output: rv=start
  warn: unable to parse implicit include dirs!


Parsed C implicit link information from above output:
  link line regex: [^( *|.*[/\])(psp2ld\.exe|CMAKE_LINK_STARTFILE-NOTFOUND|([^/\]+-)?ld|collect2)[^/\]*( |$)]
  ignore line: [Change Dir: C:/Users/Ibrahim/Documents/Projects/Cell/build/CMakeFiles/CMakeTmp]
  ignore line: []
  ignore line: [Run Build Command(s):C:/Ninja/ninja.exe cmTC_401cc && [1/2] Building C object CMakeFiles\cmTC_401cc.dir\CMakeCCompilerABI.c.o]
  ignore line: [PROCESS_IT('C:\Program Files\CMake\share\cmake-3.21\Modules\CMakeCCompilerABI.c'  'CF'  1)]
  ignore line: [DOING: C:/PSVITA/sdk/host_tools/build/bin/psp2cf64 -XYc=mixed+gnu_ext+c99 -Xhostarch=64 -DSN_TARGET_PSP2 --display_error_number --alternative_tokens -JC:\PSVITA\sdk/host_tools/build/include -JC:\PSVITA\sdk/target/include -JC:\PSVITA\sdk/target/include_common -D__SNC64__ -s CMakeFiles\cmTC_401cc.dir\CMakeCCompilerABI.c.o -d C:\Users\Ibrahim\AppData\Local\Temp/SNC12776_0.D -f "C:\Program Files\CMake\share\cmake-3.21\Modules\CMakeCCompilerABI.c" "C:\Program Files\CMake\share\cmake-3.21\Modules\CMakeCCompilerABI.c"]
  ignore line: [Deleting C:\Users\Ibrahim\AppData\Local\Temp/SNC12776_0.D]
  ignore line: [[2/2] Linking C executable cmTC_401cc]
  ignore line: [DOING: C:/PSVITA/sdk/host_tools/build/bin/psp2ld -o cmTC_401cc CMakeFiles\cmTC_401cc.dir\CMakeCCompilerABI.c.o]
  ignore line: []
  ignore line: []
  implicit libs: []
  implicit objs: []
  implicit dirs: []
  implicit fwks: []


Detecting CXX compiler ABI info compiled with the following output:
Change Dir: C:/Users/Ibrahim/Documents/Projects/Cell/build/CMakeFiles/CMakeTmp

Run Build Command(s):C:/Ninja/ninja.exe cmTC_ee2d0 && [1/2] Building CXX object CMakeFiles\cmTC_ee2d0.dir\CMakeCXXCompilerABI.cpp.o
PROCESS_IT('C:\Program Files\CMake\share\cmake-3.21\Modules\CMakeCXXCompilerABI.cpp', '               CPF', 1)
DOING: C:/PSVITA/sdk/host_tools/build/bin/psp2cf64 -XYc=cp-rtti-exceptions+bool+array_nd+wchar_t+tmplname+gnu_ext -Xhostarch=64 -DSN_TARGET_PSP2 --display_error_number --alternative_tokens -JC:\PSVITA\sdk/host_tools/build/include -JC:\PSVITA\sdk/target/include -JC:\PSVITA\sdk/target/include_common -D__SNC64__ -s CMakeFiles\cmTC_ee2d0.dir\CMakeCXXCompilerABI.cpp.o -d C:\Users\Ibrahim\AppData\Local\Temp/SNC10828_0.D -f "C:\Program Files\CMake\share\cmake-3.21\Modules\CMakeCXXCompilerABI.cpp" "C:\Program Files\CMake\share\cmake-3.21\Modules\CMakeCXXCompilerABI.cpp"
Deleting C:\Users\Ibrahim\AppData\Local\Temp/SNC10828_0.D
[2/2] Linking CXX executable cmTC_ee2d0
DOING: C:/PSVITA/sdk/host_tools/build/bin/psp2ld -o cmTC_ee2d0 CMakeFiles\cmTC_ee2d0.dir\CMakeCXXCompilerABI.cpp.o



Parsed CXX implicit include dir info from above output: rv=start
  warn: unable to parse implicit include dirs!


Parsed CXX implicit link information from above output:
  link line regex: [^( *|.*[/\])(psp2ld\.exe|CMAKE_LINK_STARTFILE-NOTFOUND|([^/\]+-)?ld|collect2)[^/\]*( |$)]
  ignore line: [Change Dir: C:/Users/Ibrahim/Documents/Projects/Cell/build/CMakeFiles/CMakeTmp]
  ignore line: []
  ignore line: [Run Build Command(s):C:/Ninja/ninja.exe cmTC_ee2d0 && [1/2] Building CXX object CMakeFiles\cmTC_ee2d0.dir\CMakeCXXCompilerABI.cpp.o]
  ignore line: [PROCESS_IT('C:\Program Files\CMake\share\cmake-3.21\Modules\CMakeCXXCompilerABI.cpp'  '               CPF'  1)]
  ignore line: [DOING: C:/PSVITA/sdk/host_tools/build/bin/psp2cf64 -XYc=cp-rtti-exceptions+bool+array_nd+wchar_t+tmplname+gnu_ext -Xhostarch=64 -DSN_TARGET_PSP2 --display_error_number --alternative_tokens -JC:\PSVITA\sdk/host_tools/build/include -JC:\PSVITA\sdk/target/include -JC:\PSVITA\sdk/target/include_common -D__SNC64__ -s CMakeFiles\cmTC_ee2d0.dir\CMakeCXXCompilerABI.cpp.o -d C:\Users\Ibrahim\AppData\Local\Temp/SNC10828_0.D -f "C:\Program Files\CMake\share\cmake-3.21\Modules\CMakeCXXCompilerABI.cpp" "C:\Program Files\CMake\share\cmake-3.21\Modules\CMakeCXXCompilerABI.cpp"]
  ignore line: [Deleting C:\Users\Ibrahim\AppData\Local\Temp/SNC10828_0.D]
  ignore line: [[2/2] Linking CXX executable cmTC_ee2d0]
  ignore line: [DOING: C:/PSVITA/sdk/host_tools/build/bin/psp2ld -o cmTC_ee2d0 CMakeFiles\cmTC_ee2d0.dir\CMakeCXXCompilerABI.cpp.o]
  ignore line: []
  ignore line: []
  implicit libs: []
  implicit objs: []
  implicit dirs: []
  implicit fwks: []


